Using pre-set license
Built from '2021.3/staging' branch; Version is '2021.3.15f1 (e8e88683f834) revision 15263878'; Using compiler version '192829333'; Build Type 'Release'
OS: 'Windows 10  (10.0.19044) 64bit Professional' Language: 'tr' Physical Memory: 8051 MB
BatchMode: 1, IsHumanControllingUs: 0, StartBugReporterOnCrash: 0, Is64bit: 1, IsPro: 1

COMMAND LINE ARGUMENTS:
C:\Program Files\Unity\Hub\Editor\2021.3.15f1\Editor\Unity.exe
-adb2
-batchMode
-noUpm
-name
AssetImportWorker0
-projectPath
C:/UnityGames/SpinTheWheel-CaseStudy/SpinTheWheel
-logFile
Logs/AssetImportWorker0.log
-srvPort
58266
Successfully changed project path to: C:/UnityGames/SpinTheWheel-CaseStudy/SpinTheWheel
C:/UnityGames/SpinTheWheel-CaseStudy/SpinTheWheel
[UnityMemory] Configuration Parameters - Can be set up in boot.config
    "memorysetup-bucket-allocator-granularity=16"
    "memorysetup-bucket-allocator-bucket-count=8"
    "memorysetup-bucket-allocator-block-size=33554432"
    "memorysetup-bucket-allocator-block-count=8"
    "memorysetup-main-allocator-block-size=16777216"
    "memorysetup-thread-allocator-block-size=16777216"
    "memorysetup-gfx-main-allocator-block-size=16777216"
    "memorysetup-gfx-thread-allocator-block-size=16777216"
    "memorysetup-cache-allocator-block-size=4194304"
    "memorysetup-typetree-allocator-block-size=2097152"
    "memorysetup-profiler-bucket-allocator-granularity=16"
    "memorysetup-profiler-bucket-allocator-bucket-count=8"
    "memorysetup-profiler-bucket-allocator-block-size=33554432"
    "memorysetup-profiler-bucket-allocator-block-count=8"
    "memorysetup-profiler-allocator-block-size=16777216"
    "memorysetup-profiler-editor-allocator-block-size=1048576"
    "memorysetup-temp-allocator-size-main=16777216"
    "memorysetup-job-temp-allocator-block-size=2097152"
    "memorysetup-job-temp-allocator-block-size-background=1048576"
    "memorysetup-job-temp-allocator-reduction-small-platforms=262144"
    "memorysetup-temp-allocator-size-background-worker=32768"
    "memorysetup-temp-allocator-size-job-worker=262144"
    "memorysetup-temp-allocator-size-preload-manager=33554432"
    "memorysetup-temp-allocator-size-nav-mesh-worker=65536"
    "memorysetup-temp-allocator-size-audio-worker=65536"
    "memorysetup-temp-allocator-size-cloud-worker=32768"
    "memorysetup-temp-allocator-size-gi-baking-worker=262144"
    "memorysetup-temp-allocator-size-gfx=262144"
Player connection [9008] Host "[IP] 10.34.10.82 [Port] 0 [Flags] 2 [Guid] 3612001779 [EditorId] 3612001779 [Version] 1048832 [Id] WindowsEditor(7,DESKTOP-4T2JLUI) [Debug] 1 [PackageName] WindowsEditor [ProjectName] Editor" joined multi-casting on [225.0.0.222:54997]...

Player connection [9008] Host "[IP] 10.34.10.82 [Port] 0 [Flags] 2 [Guid] 3612001779 [EditorId] 3612001779 [Version] 1048832 [Id] WindowsEditor(7,DESKTOP-4T2JLUI) [Debug] 1 [PackageName] WindowsEditor [ProjectName] Editor" joined alternative multi-casting on [225.0.0.222:34997]...

Refreshing native plugins compatible for Editor in 116.65 ms, found 3 plugins.
Preloading 0 native plugins for Editor in 0.00 ms.
Initialize engine version: 2021.3.15f1 (e8e88683f834)
[Subsystems] Discovering subsystems at path C:/Program Files/Unity/Hub/Editor/2021.3.15f1/Editor/Data/Resources/UnitySubsystems
[Subsystems] Discovering subsystems at path C:/UnityGames/SpinTheWheel-CaseStudy/SpinTheWheel/Assets
GfxDevice: creating device client; threaded=0; jobified=0
Direct3D:
    Version:  Direct3D 11.0 [level 11.1]
    Renderer: AMD Radeon (TM) R5 M330 (ID=0x6660)
    Vendor:   ATI
    VRAM:     2039 MB
    Driver:   27.20.21003.1028
Initialize mono
Mono path[0] = 'C:/Program Files/Unity/Hub/Editor/2021.3.15f1/Editor/Data/Managed'
Mono path[1] = 'C:/Program Files/Unity/Hub/Editor/2021.3.15f1/Editor/Data/MonoBleedingEdge/lib/mono/unityjit-win32'
Mono config path = 'C:/Program Files/Unity/Hub/Editor/2021.3.15f1/Editor/Data/MonoBleedingEdge/etc'
Using monoOptions --debugger-agent=transport=dt_socket,embedding=1,server=y,suspend=n,address=127.0.0.1:56104
Begin MonoManager ReloadAssembly
Registering precompiled unity dll's ...
Register platform support module: C:/Program Files/Unity/Hub/Editor/2021.3.15f1/Editor/Data/PlaybackEngines/WindowsStandaloneSupport/UnityEditor.WindowsStandalone.Extensions.dll
Registered in 0.009212 seconds.
Native extension for WindowsStandalone target not found
Refreshing native plugins compatible for Editor in 111.53 ms, found 3 plugins.
Preloading 0 native plugins for Editor in 0.00 ms.
Mono: successfully reloaded assembly
- Completed reload, in  0.869 seconds
Domain Reload Profiling:
	ReloadAssembly (870ms)
		BeginReloadAssembly (109ms)
			ExecutionOrderSort (0ms)
			DisableScriptedObjects (0ms)
			BackupInstance (0ms)
			ReleaseScriptingObjects (0ms)
			CreateAndSetChildDomain (1ms)
		EndReloadAssembly (615ms)
			LoadAssemblies (105ms)
			RebuildTransferFunctionScriptingTraits (0ms)
			SetupTypeCache (149ms)
			ReleaseScriptCaches (0ms)
			RebuildScriptCaches (40ms)
			SetupLoadedEditorAssemblies (360ms)
				LogAssemblyErrors (0ms)
				InitializePlatformSupportModulesInManaged (11ms)
				SetLoadedEditorAssemblies (0ms)
				RefreshPlugins (112ms)
				BeforeProcessingInitializeOnLoad (2ms)
				ProcessInitializeOnLoadAttributes (173ms)
				ProcessInitializeOnLoadMethodAttributes (62ms)
				AfterProcessingInitializeOnLoad (0ms)
				EditorAssembliesLoaded (0ms)
			ExecutionOrderSort2 (0ms)
			AwakeInstancesAfterBackupRestoration (0ms)
Platform modules already initialized, skipping
Registering precompiled user dll's ...
Registered in 0.009283 seconds.
Begin MonoManager ReloadAssembly
Symbol file LoadedFromMemory doesn't match image C:\UnityGames\SpinTheWheel-CaseStudy\SpinTheWheel\Library\PackageCache\com.unity.visualscripting@1.7.8\Editor\VisualScripting.Core\Dependencies\YamlDotNet\Unity.VisualScripting.YamlDotNet.dll
Symbol file LoadedFromMemory doesn't match image C:\UnityGames\SpinTheWheel-CaseStudy\SpinTheWheel\Library\PackageCache\com.unity.visualscripting@1.7.8\Editor\VisualScripting.Core\Dependencies\DotNetZip\Unity.VisualScripting.IonicZip.dll
Native extension for WindowsStandalone target not found
Refreshing native plugins compatible for Editor in 0.63 ms, found 3 plugins.
Preloading 0 native plugins for Editor in 0.00 ms.
Mono: successfully reloaded assembly
- Completed reload, in  1.451 seconds
Domain Reload Profiling:
	ReloadAssembly (1453ms)
		BeginReloadAssembly (169ms)
			ExecutionOrderSort (0ms)
			DisableScriptedObjects (9ms)
			BackupInstance (0ms)
			ReleaseScriptingObjects (0ms)
			CreateAndSetChildDomain (38ms)
		EndReloadAssembly (1130ms)
			LoadAssemblies (116ms)
			RebuildTransferFunctionScriptingTraits (0ms)
			SetupTypeCache (383ms)
			ReleaseScriptCaches (1ms)
			RebuildScriptCaches (65ms)
			SetupLoadedEditorAssemblies (515ms)
				LogAssemblyErrors (0ms)
				InitializePlatformSupportModulesInManaged (7ms)
				SetLoadedEditorAssemblies (1ms)
				RefreshPlugins (1ms)
				BeforeProcessingInitializeOnLoad (119ms)
				ProcessInitializeOnLoadAttributes (338ms)
				ProcessInitializeOnLoadMethodAttributes (36ms)
				AfterProcessingInitializeOnLoad (12ms)
				EditorAssembliesLoaded (0ms)
			ExecutionOrderSort2 (0ms)
			AwakeInstancesAfterBackupRestoration (10ms)
Platform modules already initialized, skipping
========================================================================
Worker process is ready to serve import requests
Launched and connected shader compiler UnityShaderCompiler.exe after 0.07 seconds
Refreshing native plugins compatible for Editor in 0.73 ms, found 3 plugins.
Preloading 0 native plugins for Editor in 0.00 ms.
Unloading 3361 Unused Serialized files (Serialized files now loaded: 0)
Unloading 27 unused Assets / (113.4 KB). Loaded Objects now: 3818.
Memory consumption went from 115.5 MB to 115.4 MB.
Total: 4.039100 ms (FindLiveObjects: 0.377900 ms CreateObjectMapping: 0.317500 ms MarkObjects: 3.207200 ms  DeleteObjects: 0.135600 ms)

AssetImportParameters requested are different than current active one (requested -> active):
  custom:video-decoder-ogg-theora: a1e56fd34408186e4bbccfd4996cb3dc -> 
  custom:container-muxer-webm: aa71ff27fc2769a1b78a27578f13a17b -> 
  custom:container-demuxer-webm: 4f35f7cbe854078d1ac9338744f61a02 -> 
  custom:video-encoder-webm-vp8: eb34c28f22e8b96e1ab97ce403110664 -> 
  custom:audio-encoder-webm-vorbis: bf7c407c2cedff20999df2af8eb42d56 -> 
  custom:framework-win-MediaFoundation: 216162199b28c13a410421893ffa2e32 -> 
  custom:container-demuxer-ogg: 62fdf1f143b41e24485cea50d1cbac27 -> 
  custom:video-decoder-webm-vp8: 9c59270c3fd7afecdb556c50c9e8de78 -> 
  custom:audio-decoder-ogg-vorbis: bf7c407c2cedff20999df2af8eb42d56 -> 
========================================================================
Received Import Request.
  Time since last request: 150060.449181 seconds.
  path: Assets
  artifactKey: Guid(00000000000000001000000000000000) Importer(815301076,1909f56bfc062723c751e8b465ee728b)
Start importing Assets using Guid(00000000000000001000000000000000) Importer(815301076,1909f56bfc062723c751e8b465ee728b)  -> (artifact id: '79842766b460edbeab6a34051e857a80') in 0.014086 seconds 
========================================================================
Received Import Request.
  Time since last request: 1.392318 seconds.
  path: Assets/Game
  artifactKey: Guid(a80a54ab4ba16824aa73596e1e98a509) Importer(815301076,1909f56bfc062723c751e8b465ee728b)
Start importing Assets/Game using Guid(a80a54ab4ba16824aa73596e1e98a509) Importer(815301076,1909f56bfc062723c751e8b465ee728b)  -> (artifact id: 'b7e84818baac244b225a687abfc47b55') in 0.009075 seconds 
========================================================================
Received Import Request.
  Time since last request: 7.433698 seconds.
  path: Assets/Game/Scenes
  artifactKey: Guid(6ea315d0fd7389c41b19996891e99ae3) Importer(815301076,1909f56bfc062723c751e8b465ee728b)
Start importing Assets/Game/Scenes using Guid(6ea315d0fd7389c41b19996891e99ae3) Importer(815301076,1909f56bfc062723c751e8b465ee728b)  -> (artifact id: 'b8193726cff86800c54781cdc6d54904') in 0.013419 seconds 
========================================================================
Received Import Request.
  Time since last request: 0.672704 seconds.
  path: Assets/Game/Scenes/SampleScene.unity
  artifactKey: Guid(9fc0d4010bbf28b4594072e72b8655ab) Importer(815301076,1909f56bfc062723c751e8b465ee728b)
Start importing Assets/Game/Scenes/SampleScene.unity using Guid(9fc0d4010bbf28b4594072e72b8655ab) Importer(815301076,1909f56bfc062723c751e8b465ee728b)  -> (artifact id: 'e55ccaa32d8e5c1de03c07a5412c8c3c') in 0.012671 seconds 
========================================================================
Received Import Request.
  Time since last request: 4.959514 seconds.
  path: Assets/Game/Scenes/Game Scene.unity
  artifactKey: Guid(9fc0d4010bbf28b4594072e72b8655ab) Importer(815301076,1909f56bfc062723c751e8b465ee728b)
Start importing Assets/Game/Scenes/Game Scene.unity using Guid(9fc0d4010bbf28b4594072e72b8655ab) Importer(815301076,1909f56bfc062723c751e8b465ee728b)  -> (artifact id: 'b62ef61d6cff90ca01740aeea992301e') in 0.014177 seconds 
========================================================================
Received Import Request.
  Time since last request: 97.235514 seconds.
  path: Assets/Game/UI Files
  artifactKey: Guid(21ea99331f6e7e2478ca01be9fd251bb) Importer(815301076,1909f56bfc062723c751e8b465ee728b)
Start importing Assets/Game/UI Files using Guid(21ea99331f6e7e2478ca01be9fd251bb) Importer(815301076,1909f56bfc062723c751e8b465ee728b)  -> (artifact id: '34278c7c3388220f0154cd9e019f98ac') in 0.013484 seconds 
========================================================================
Received Import Request.
  Time since last request: 1.582828 seconds.
  path: Assets/Game/UI Files/ui_content
  artifactKey: Guid(7992083bad941744381e9e5c5b01fa61) Importer(815301076,1909f56bfc062723c751e8b465ee728b)
Start importing Assets/Game/UI Files/ui_content using Guid(7992083bad941744381e9e5c5b01fa61) Importer(815301076,1909f56bfc062723c751e8b465ee728b)  -> (artifact id: 'a60b91b90c65b6cb1a38b6b5d99d64f5') in 0.010202 seconds 
========================================================================
Received Import Request.
  Time since last request: 0.035343 seconds.
  path: Assets/Game/UI Files/ui_content/star_flash_alpha.png
  artifactKey: Guid(74023c8bf79edfd4c855b53539c296e9) Importer(815301076,1909f56bfc062723c751e8b465ee728b)
Start importing Assets/Game/UI Files/ui_content/star_flash_alpha.png using Guid(74023c8bf79edfd4c855b53539c296e9) Importer(815301076,1909f56bfc062723c751e8b465ee728b)  -> (artifact id: '58f040af1f2467bc9adaab40430811d0') in 0.227014 seconds 
========================================================================
Received Import Request.
  Time since last request: 0.000040 seconds.
  path: Assets/Game/UI Files/ui_content/ui_icon_render_cons_grenade_m67.png
  artifactKey: Guid(c0d32e2f4dd9a7c46a6eae955d186eee) Importer(815301076,1909f56bfc062723c751e8b465ee728b)
Start importing Assets/Game/UI Files/ui_content/ui_icon_render_cons_grenade_m67.png using Guid(c0d32e2f4dd9a7c46a6eae955d186eee) Importer(815301076,1909f56bfc062723c751e8b465ee728b)  -> (artifact id: '93e7f1cae6035ea7618d599241108dd2') in 0.022541 seconds 
========================================================================
Received Import Request.
  Time since last request: 0.000041 seconds.
  path: Assets/Game/UI Files/ui_content/UI_icon_chest_small_noligt.png
  artifactKey: Guid(78194bdd682448345be8356477287f91) Importer(815301076,1909f56bfc062723c751e8b465ee728b)
Start importing Assets/Game/UI Files/ui_content/UI_icon_chest_small_noligt.png using Guid(78194bdd682448345be8356477287f91) Importer(815301076,1909f56bfc062723c751e8b465ee728b)  -> (artifact id: '60d41d8559ddc828e793b4949dfe36e6') in 0.019434 seconds 
========================================================================
Received Import Request.
  Time since last request: 0.000031 seconds.
  path: Assets/Game/UI Files/ui_content/UI_button_orange_standard.png
  artifactKey: Guid(a938dacac99dbc6419a6a8785ad06863) Importer(815301076,1909f56bfc062723c751e8b465ee728b)
Start importing Assets/Game/UI Files/ui_content/UI_button_orange_standard.png using Guid(a938dacac99dbc6419a6a8785ad06863) Importer(815301076,1909f56bfc062723c751e8b465ee728b)  -> (artifact id: 'c738383e8e74ced3d7d3163c8bba5fad') in 0.019729 seconds 
========================================================================
Received Import Request.
  Time since last request: 0.000029 seconds.
  path: Assets/Game/UI Files/ui_content/ui_icon_helmet_pumpkin.png
  artifactKey: Guid(39e2b08f33e341c40ad48610c19fd922) Importer(815301076,1909f56bfc062723c751e8b465ee728b)
Start importing Assets/Game/UI Files/ui_content/ui_icon_helmet_pumpkin.png using Guid(39e2b08f33e341c40ad48610c19fd922) Importer(815301076,1909f56bfc062723c751e8b465ee728b)  -> (artifact id: 'e237c665f4a50cc0ea7c88ae5bf63f8c') in 0.024046 seconds 
========================================================================
Received Import Request.
  Time since last request: 0.000033 seconds.
  path: Assets/Game/UI Files/ui_content/ui_card_frame_4px_zone.png
  artifactKey: Guid(879718c0f88b10c41bf7ad07fdf4d0d2) Importer(815301076,1909f56bfc062723c751e8b465ee728b)
Start importing Assets/Game/UI Files/ui_content/ui_card_frame_4px_zone.png using Guid(879718c0f88b10c41bf7ad07fdf4d0d2) Importer(815301076,1909f56bfc062723c751e8b465ee728b)  -> (artifact id: '2af30bc8b767bd80fa70caf0117dd8b5') in 0.020673 seconds 
========================================================================
Received Import Request.
  Time since last request: 0.000040 seconds.
  path: Assets/Game/UI Files/ui_content/ui_icon_mle_bayonet_easter_time.png
  artifactKey: Guid(038ec758662bde44fa767ac946cb6e10) Importer(815301076,1909f56bfc062723c751e8b465ee728b)
Start importing Assets/Game/UI Files/ui_content/ui_icon_mle_bayonet_easter_time.png using Guid(038ec758662bde44fa767ac946cb6e10) Importer(815301076,1909f56bfc062723c751e8b465ee728b)  -> (artifact id: 'de92e5f69d23a80afc987d98ff731c63') in 0.017232 seconds 
========================================================================
Received Import Request.
  Time since last request: 0.000033 seconds.
  path: Assets/Game/UI Files/ui_content/ui_icon_mle_bayonet_summer_vice.png
  artifactKey: Guid(cf5b9ce634487554bbc2d5fc7b922b62) Importer(815301076,1909f56bfc062723c751e8b465ee728b)
Start importing Assets/Game/UI Files/ui_content/ui_icon_mle_bayonet_summer_vice.png using Guid(cf5b9ce634487554bbc2d5fc7b922b62) Importer(815301076,1909f56bfc062723c751e8b465ee728b)  -> (artifact id: '3e370566aa051be15ad26191556ab84d') in 0.021025 seconds 
========================================================================
Received Import Request.
  Time since last request: 0.000065 seconds.
  path: Assets/Game/UI Files/ui_content/ui_icon_render_cons_grenade_m26.png
  artifactKey: Guid(73179048e54ec08499ef95c21c3ef5f0) Importer(815301076,1909f56bfc062723c751e8b465ee728b)
Start importing Assets/Game/UI Files/ui_content/ui_icon_render_cons_grenade_m26.png using Guid(73179048e54ec08499ef95c21c3ef5f0) Importer(815301076,1909f56bfc062723c751e8b465ee728b)  -> (artifact id: '0ba62e63e862bd5bea107599e9e35d1d') in 0.020084 seconds 
========================================================================
Received Import Request.
  Time since last request: 0.000036 seconds.
  path: Assets/Game/UI Files/ui_content/ui_card_icon_death.png
  artifactKey: Guid(6ea11f7d774fdb640922a92709abd1a7) Importer(815301076,1909f56bfc062723c751e8b465ee728b)
Start importing Assets/Game/UI Files/ui_content/ui_card_icon_death.png using Guid(6ea11f7d774fdb640922a92709abd1a7) Importer(815301076,1909f56bfc062723c751e8b465ee728b)  -> (artifact id: '57b0275d2073b336885b9034584b59b0') in 0.021206 seconds 
========================================================================
Received Import Request.
  Time since last request: 0.000049 seconds.
  path: Assets/Game/UI Files/ui_content/UI_icon_chest_standart_nolight.png
  artifactKey: Guid(3c6317b4d67aae94ea66e6cfac1af951) Importer(815301076,1909f56bfc062723c751e8b465ee728b)
Start importing Assets/Game/UI Files/ui_content/UI_icon_chest_standart_nolight.png using Guid(3c6317b4d67aae94ea66e6cfac1af951) Importer(815301076,1909f56bfc062723c751e8b465ee728b)  -> (artifact id: '225177914ec2eca641bb25ba20615016') in 0.021976 seconds 
========================================================================
Received Import Request.
  Time since last request: 0.000056 seconds.
  path: Assets/Game/UI Files/ui_content/star_glow_alpha.png
  artifactKey: Guid(18bdd53b1ea436542ad1844822f8460c) Importer(815301076,1909f56bfc062723c751e8b465ee728b)
Start importing Assets/Game/UI Files/ui_content/star_glow_alpha.png using Guid(18bdd53b1ea436542ad1844822f8460c) Importer(815301076,1909f56bfc062723c751e8b465ee728b)  -> (artifact id: '095c9aeb80f7fffca2d397f138fbe4dc') in 0.019141 seconds 
========================================================================
Received Import Request.
  Time since last request: 0.000029 seconds.
  path: Assets/Game/UI Files/ui_content/ui_card_panel_zone_white.png
  artifactKey: Guid(887f4d3fd1acb1a4f9a2321fa2d65b37) Importer(815301076,1909f56bfc062723c751e8b465ee728b)
Start importing Assets/Game/UI Files/ui_content/ui_card_panel_zone_white.png using Guid(887f4d3fd1acb1a4f9a2321fa2d65b37) Importer(815301076,1909f56bfc062723c751e8b465ee728b)  -> (artifact id: '956ae62e22168494e9d21b4b28a85e93') in 0.018396 seconds 
========================================================================
Received Import Request.
  Time since last request: 0.000026 seconds.
  path: Assets/Game/UI Files/ui_content/ui_card_frame_12px_neutral.png
  artifactKey: Guid(d51cde8f6127fb649a7ab8f56d9548b6) Importer(815301076,1909f56bfc062723c751e8b465ee728b)
Start importing Assets/Game/UI Files/ui_content/ui_card_frame_12px_neutral.png using Guid(d51cde8f6127fb649a7ab8f56d9548b6) Importer(815301076,1909f56bfc062723c751e8b465ee728b)  -> (artifact id: '77ed16ade51c31c6d19c554e289291d9') in 0.021484 seconds 
========================================================================
Received Import Request.
  Time since last request: 0.000038 seconds.
  path: Assets/Game/UI Files/ui_content/ui_card_frame_gardient.png
  artifactKey: Guid(d30a401921f2e554c8b9f1e03ba51a9f) Importer(815301076,1909f56bfc062723c751e8b465ee728b)
Start importing Assets/Game/UI Files/ui_content/ui_card_frame_gardient.png using Guid(d30a401921f2e554c8b9f1e03ba51a9f) Importer(815301076,1909f56bfc062723c751e8b465ee728b)  -> (artifact id: 'e671863e83c6d49ba2a56a5c9d9fc63f') in 0.019340 seconds 
========================================================================
Received Import Request.
  Time since last request: 0.000032 seconds.
  path: Assets/Game/UI Files/ui_content/UI_icon_chest_gold_nolight.png
  artifactKey: Guid(546c5ec2aed02534ba7a884d23b51786) Importer(815301076,1909f56bfc062723c751e8b465ee728b)
Start importing Assets/Game/UI Files/ui_content/UI_icon_chest_gold_nolight.png using Guid(546c5ec2aed02534ba7a884d23b51786) Importer(815301076,1909f56bfc062723c751e8b465ee728b)  -> (artifact id: '27725dac62b4a7f7ef758256d1853c29') in 0.019308 seconds 
========================================================================
Received Import Request.
  Time since last request: 0.000021 seconds.
  path: Assets/Game/UI Files/ui_content/UI_icon_chest_silver_nolight.png
  artifactKey: Guid(69a5c2534bb25a8469576450a2b98b14) Importer(815301076,1909f56bfc062723c751e8b465ee728b)
Start importing Assets/Game/UI Files/ui_content/UI_icon_chest_silver_nolight.png using Guid(69a5c2534bb25a8469576450a2b98b14) Importer(815301076,1909f56bfc062723c751e8b465ee728b)  -> (artifact id: 'f0b2ec6fbbef4b6d43925099e7845560') in 0.020607 seconds 
========================================================================
Received Import Request.
  Time since last request: 0.000040 seconds.
  path: Assets/Game/UI Files/ui_content/UI_icon_cash.png
  artifactKey: Guid(eb7facc8ece34d649a522ae117179fbd) Importer(815301076,1909f56bfc062723c751e8b465ee728b)
Start importing Assets/Game/UI Files/ui_content/UI_icon_cash.png using Guid(eb7facc8ece34d649a522ae117179fbd) Importer(815301076,1909f56bfc062723c751e8b465ee728b)  -> (artifact id: '55a32d9a50265ee11674c0b0acaecf24') in 0.023939 seconds 
========================================================================
Received Import Request.
  Time since last request: 0.000044 seconds.
  path: Assets/Game/UI Files/ui_content/ui_card_panel_zone_super.png
  artifactKey: Guid(9fd79dd87a913ec4aaa792e1f7f3e38e) Importer(815301076,1909f56bfc062723c751e8b465ee728b)
Start importing Assets/Game/UI Files/ui_content/ui_card_panel_zone_super.png using Guid(9fd79dd87a913ec4aaa792e1f7f3e38e) Importer(815301076,1909f56bfc062723c751e8b465ee728b)  -> (artifact id: 'bd05e29035b365533de5d5996f12403b') in 0.017571 seconds 
========================================================================
Received Import Request.
  Time since last request: 0.000026 seconds.
  path: Assets/Game/UI Files/ui_content/UI_button_grey_standard.png
  artifactKey: Guid(2844a43e985ef0f44a018d87430d6ef9) Importer(815301076,1909f56bfc062723c751e8b465ee728b)
Start importing Assets/Game/UI Files/ui_content/UI_button_grey_standard.png using Guid(2844a43e985ef0f44a018d87430d6ef9) Importer(815301076,1909f56bfc062723c751e8b465ee728b)  -> (artifact id: 'd86fbd7830efb6d9628cf55c20836de1') in 0.018445 seconds 
========================================================================
Received Import Request.
  Time since last request: 0.000036 seconds.
  path: Assets/Game/UI Files/ui_content/ui_card_panel_zone_bg.png
  artifactKey: Guid(eb2dafcf505cc3a45bea50db76c1a521) Importer(815301076,1909f56bfc062723c751e8b465ee728b)
Start importing Assets/Game/UI Files/ui_content/ui_card_panel_zone_bg.png using Guid(eb2dafcf505cc3a45bea50db76c1a521) Importer(815301076,1909f56bfc062723c751e8b465ee728b)  -> (artifact id: 'b5390598cf7859aad77ea7d76cc44ce6') in 0.018358 seconds 
========================================================================
Received Import Request.
  Time since last request: 0.000034 seconds.
  path: Assets/Game/UI Files/ui_content/ui_card_panel_zone_coming.png
  artifactKey: Guid(85ae9e09e0102b5438c5fc07db30990e) Importer(815301076,1909f56bfc062723c751e8b465ee728b)
Start importing Assets/Game/UI Files/ui_content/ui_card_panel_zone_coming.png using Guid(85ae9e09e0102b5438c5fc07db30990e) Importer(815301076,1909f56bfc062723c751e8b465ee728b)  -> (artifact id: 'd71f2ebc8bd24a61510e47fa3d5d0e7c') in 0.018310 seconds 
========================================================================
Received Import Request.
  Time since last request: 0.000034 seconds.
  path: Assets/Game/UI Files/ui_content/UI_icon_chest_big_nolight.png
  artifactKey: Guid(d1c9b83d5a16aee44824e70df2c4a752) Importer(815301076,1909f56bfc062723c751e8b465ee728b)
Start importing Assets/Game/UI Files/ui_content/UI_icon_chest_big_nolight.png using Guid(d1c9b83d5a16aee44824e70df2c4a752) Importer(815301076,1909f56bfc062723c751e8b465ee728b)  -> (artifact id: '9cb7258b44297f638782ec16156dbf63') in 0.021156 seconds 
========================================================================
Received Import Request.
  Time since last request: 0.000093 seconds.
  path: Assets/Game/UI Files/ui_content/ui_card_zone_map_frame.png
  artifactKey: Guid(11705de49d8ea2e429b354bf60d036f3) Importer(815301076,1909f56bfc062723c751e8b465ee728b)
Start importing Assets/Game/UI Files/ui_content/ui_card_zone_map_frame.png using Guid(11705de49d8ea2e429b354bf60d036f3) Importer(815301076,1909f56bfc062723c751e8b465ee728b)  -> (artifact id: '1232e2ea5c4655036b95eec02c4d79a7') in 0.019913 seconds 
========================================================================
Received Import Request.
  Time since last request: 0.000036 seconds.
  path: Assets/Game/UI Files/ui_content/ui_icon_aviator_glasses_easter.png
  artifactKey: Guid(2ebd73a766181c946a24f1fc786ddd5f) Importer(815301076,1909f56bfc062723c751e8b465ee728b)
Start importing Assets/Game/UI Files/ui_content/ui_icon_aviator_glasses_easter.png using Guid(2ebd73a766181c946a24f1fc786ddd5f) Importer(815301076,1909f56bfc062723c751e8b465ee728b)  -> (artifact id: '2020d26101aeb8b78c15006c0784f6d5') in 0.017051 seconds 
========================================================================
Received Import Request.
  Time since last request: 0.000049 seconds.
  path: Assets/Game/UI Files/ui_content/ui_card_panel_zone_current_white.png
  artifactKey: Guid(0380bed9e37411d48953dc83ac0001aa) Importer(815301076,1909f56bfc062723c751e8b465ee728b)
Start importing Assets/Game/UI Files/ui_content/ui_card_panel_zone_current_white.png using Guid(0380bed9e37411d48953dc83ac0001aa) Importer(815301076,1909f56bfc062723c751e8b465ee728b)  -> (artifact id: '87f7d69e34ac036bd5778cf8c770b922') in 0.023325 seconds 
========================================================================
Received Import Request.
  Time since last request: 0.000032 seconds.
  path: Assets/Game/UI Files/ui_content/UI_icon_chest_super_nolight.png
  artifactKey: Guid(8d8c49c29bdfd2d48b1a9a623bb1c6b3) Importer(815301076,1909f56bfc062723c751e8b465ee728b)
Start importing Assets/Game/UI Files/ui_content/UI_icon_chest_super_nolight.png using Guid(8d8c49c29bdfd2d48b1a9a623bb1c6b3) Importer(815301076,1909f56bfc062723c751e8b465ee728b)  -> (artifact id: '77b6228820589382ab93cdd2c405f530') in 0.024559 seconds 
========================================================================
Received Import Request.
  Time since last request: 0.000044 seconds.
  path: Assets/Game/UI Files/ui_content/UI_Icon_Renders_tier2_mle.png
  artifactKey: Guid(31fcbbbc08ecb37499d5b2122e0d4a8d) Importer(815301076,1909f56bfc062723c751e8b465ee728b)
Start importing Assets/Game/UI Files/ui_content/UI_Icon_Renders_tier2_mle.png using Guid(31fcbbbc08ecb37499d5b2122e0d4a8d) Importer(815301076,1909f56bfc062723c751e8b465ee728b)  -> (artifact id: '624f55e10d98b46212e839ae0e49aa81') in 0.021291 seconds 
========================================================================
Received Import Request.
  Time since last request: 0.000039 seconds.
  path: Assets/Game/UI Files/ui_content/UI_Icons_Armor_Points.png
  artifactKey: Guid(8c5e78ad3ae54e848bd02bf5b6b59b28) Importer(815301076,1909f56bfc062723c751e8b465ee728b)
Start importing Assets/Game/UI Files/ui_content/UI_Icons_Armor_Points.png using Guid(8c5e78ad3ae54e848bd02bf5b6b59b28) Importer(815301076,1909f56bfc062723c751e8b465ee728b)  -> (artifact id: '5273da086b374ef5fa3cf08b183359b1') in 0.022563 seconds 
========================================================================
Received Import Request.
  Time since last request: 0.000044 seconds.
  path: Assets/Game/UI Files/ui_content/UI_Icons_Submachine_Points.png
  artifactKey: Guid(289acf19b9a57ca429dc3f52bc8072e7) Importer(815301076,1909f56bfc062723c751e8b465ee728b)
Start importing Assets/Game/UI Files/ui_content/UI_Icons_Submachine_Points.png using Guid(289acf19b9a57ca429dc3f52bc8072e7) Importer(815301076,1909f56bfc062723c751e8b465ee728b)  -> (artifact id: 'e3ccb32e53e361c950b09a5331d988fc') in 0.022318 seconds 
========================================================================
Received Import Request.
  Time since last request: 0.000038 seconds.
  path: Assets/Game/UI Files/ui_content/ui_spin_bronze_base.png
  artifactKey: Guid(18439d54af63eac46afcd47bdc440259) Importer(815301076,1909f56bfc062723c751e8b465ee728b)
Start importing Assets/Game/UI Files/ui_content/ui_spin_bronze_base.png using Guid(18439d54af63eac46afcd47bdc440259) Importer(815301076,1909f56bfc062723c751e8b465ee728b)  -> (artifact id: 'c2dc3fba4676a232634d71cfdbbd8f3e') in 0.020312 seconds 
========================================================================
Received Import Request.
  Time since last request: 0.000031 seconds.
  path: Assets/Game/UI Files/ui_content/UI_Icons_SMG_Points.png
  artifactKey: Guid(d32222811fb71634abba6440f0900d94) Importer(815301076,1909f56bfc062723c751e8b465ee728b)
Start importing Assets/Game/UI Files/ui_content/UI_Icons_SMG_Points.png using Guid(d32222811fb71634abba6440f0900d94) Importer(815301076,1909f56bfc062723c751e8b465ee728b)  -> (artifact id: '2c2043fa8a8837d67da5742d9cf951bf') in 0.023014 seconds 
========================================================================
Received Import Request.
  Time since last request: 0.000032 seconds.
  path: Assets/Game/UI Files/ui_content/UI_Icons_Rifle_Points.png
  artifactKey: Guid(eb4e2bac3513a91488418f8c81c7bc71) Importer(815301076,1909f56bfc062723c751e8b465ee728b)
Start importing Assets/Game/UI Files/ui_content/UI_Icons_Rifle_Points.png using Guid(eb4e2bac3513a91488418f8c81c7bc71) Importer(815301076,1909f56bfc062723c751e8b465ee728b)  -> (artifact id: 'ad99bc30350db423eded7b9a0e666c87') in 0.025890 seconds 
========================================================================
Received Import Request.
  Time since last request: 0.000025 seconds.
  path: Assets/Game/UI Files/ui_content/UI_Icons_Shotgun_Points.png
  artifactKey: Guid(215c1e0ae3e05984693dfeb84d591496) Importer(815301076,1909f56bfc062723c751e8b465ee728b)
Start importing Assets/Game/UI Files/ui_content/UI_Icons_Shotgun_Points.png using Guid(215c1e0ae3e05984693dfeb84d591496) Importer(815301076,1909f56bfc062723c751e8b465ee728b)  -> (artifact id: '561eed70f5d456986b88149ff24e5f80') in 0.024250 seconds 
========================================================================
Received Import Request.
  Time since last request: 0.000051 seconds.
  path: Assets/Game/UI Files/ui_content/UI_Icons_Pistol_Points_.png
  artifactKey: Guid(c6159cf6bd153934197b0917f07d4ffb) Importer(815301076,1909f56bfc062723c751e8b465ee728b)
Start importing Assets/Game/UI Files/ui_content/UI_Icons_Pistol_Points_.png using Guid(c6159cf6bd153934197b0917f07d4ffb) Importer(815301076,1909f56bfc062723c751e8b465ee728b)  -> (artifact id: '0ba37a4bc032c748eaa52412eba2825e') in 0.020188 seconds 
========================================================================
Received Import Request.
  Time since last request: 0.000041 seconds.
  path: Assets/Game/UI Files/ui_content/ui_icon_render_cons_healthshot_2_neurostim.png
  artifactKey: Guid(3447c50c8900af14f90a655784e7af2c) Importer(815301076,1909f56bfc062723c751e8b465ee728b)
Start importing Assets/Game/UI Files/ui_content/ui_icon_render_cons_healthshot_2_neurostim.png using Guid(3447c50c8900af14f90a655784e7af2c) Importer(815301076,1909f56bfc062723c751e8b465ee728b)  -> (artifact id: '39ccdb952523dc27a91b1a97089ddf3c') in 0.024338 seconds 
========================================================================
Received Import Request.
  Time since last request: 0.000031 seconds.
  path: Assets/Game/UI Files/ui_content/UI_Icon_Renders_tier3_smg.png
  artifactKey: Guid(010f33792786a3649897beca83b82093) Importer(815301076,1909f56bfc062723c751e8b465ee728b)
Start importing Assets/Game/UI Files/ui_content/UI_Icon_Renders_tier3_smg.png using Guid(010f33792786a3649897beca83b82093) Importer(815301076,1909f56bfc062723c751e8b465ee728b)  -> (artifact id: 'd552754e0006bfda0b5438ec0af7c735') in 0.018726 seconds 
========================================================================
Received Import Request.
  Time since last request: 0.000053 seconds.
  path: Assets/Game/UI Files/ui_content/UI_Icons_Knife_Points.png
  artifactKey: Guid(ba1914b760b01b84499780a78035a0b5) Importer(815301076,1909f56bfc062723c751e8b465ee728b)
Start importing Assets/Game/UI Files/ui_content/UI_Icons_Knife_Points.png using Guid(ba1914b760b01b84499780a78035a0b5) Importer(815301076,1909f56bfc062723c751e8b465ee728b)  -> (artifact id: 'c3a8d03f30878b0a43f2902c3ea90d77') in 0.023390 seconds 
========================================================================
Received Import Request.
  Time since last request: 0.000033 seconds.
  path: Assets/Game/UI Files/ui_content/UI_Icons_Pistol_Points.png
  artifactKey: Guid(16ffaebb20d864a4a91cbea6102729cc) Importer(815301076,1909f56bfc062723c751e8b465ee728b)
Start importing Assets/Game/UI Files/ui_content/UI_Icons_Pistol_Points.png using Guid(16ffaebb20d864a4a91cbea6102729cc) Importer(815301076,1909f56bfc062723c751e8b465ee728b)  -> (artifact id: 'a8d407ff90dd3c1869e2fa3e877c7ae9') in 0.024572 seconds 
========================================================================
Received Import Request.
  Time since last request: 0.000032 seconds.
  path: Assets/Game/UI Files/ui_content/ui_icon_render_cons_healthshot_2_regenerator.png
  artifactKey: Guid(32b6ebdb78340614c9b405871b4ff8e0) Importer(815301076,1909f56bfc062723c751e8b465ee728b)
Start importing Assets/Game/UI Files/ui_content/ui_icon_render_cons_healthshot_2_regenerator.png using Guid(32b6ebdb78340614c9b405871b4ff8e0) Importer(815301076,1909f56bfc062723c751e8b465ee728b)  -> (artifact id: '416840e087e46b20c061a775796384f5') in 0.023761 seconds 
========================================================================
Received Import Request.
  Time since last request: 0.000039 seconds.
  path: Assets/Game/UI Files/ui_content/UI_Icon_Renders_tier3_shotgun.png
  artifactKey: Guid(97473f2ccdb17614abc6fac15cb2d1ca) Importer(815301076,1909f56bfc062723c751e8b465ee728b)
Start importing Assets/Game/UI Files/ui_content/UI_Icon_Renders_tier3_shotgun.png using Guid(97473f2ccdb17614abc6fac15cb2d1ca) Importer(815301076,1909f56bfc062723c751e8b465ee728b)  -> (artifact id: 'a9f4ba90f087ebc545bbcc5efe8465bc') in 0.019529 seconds 
========================================================================
Received Import Request.
  Time since last request: 0.000045 seconds.
  path: Assets/Game/UI Files/ui_content/UI_Icons_Sniper_Points.png
  artifactKey: Guid(6706184f068950f4cad9b18d909cea71) Importer(815301076,1909f56bfc062723c751e8b465ee728b)
Start importing Assets/Game/UI Files/ui_content/UI_Icons_Sniper_Points.png using Guid(6706184f068950f4cad9b18d909cea71) Importer(815301076,1909f56bfc062723c751e8b465ee728b)  -> (artifact id: 'd7cd1955aecf1ea54317fc14bf68e332') in 0.024077 seconds 
========================================================================
Received Import Request.
  Time since last request: 0.000129 seconds.
  path: Assets/Game/UI Files/ui_content/ui_spin_golden_base.png
  artifactKey: Guid(6555e7801351fbc4ba24a700b39f145a) Importer(815301076,1909f56bfc062723c751e8b465ee728b)
Start importing Assets/Game/UI Files/ui_content/ui_spin_golden_base.png using Guid(6555e7801351fbc4ba24a700b39f145a) Importer(815301076,1909f56bfc062723c751e8b465ee728b)  -> (artifact id: 'afe86286ee39288c61f665317f4cf71d') in 0.022681 seconds 
========================================================================
Received Import Request.
  Time since last request: 0.000026 seconds.
  path: Assets/Game/UI Files/ui_content/ui_spin_silver_base.png
  artifactKey: Guid(cf6b879209a4b7045b577cfbd4d2307e) Importer(815301076,1909f56bfc062723c751e8b465ee728b)
Start importing Assets/Game/UI Files/ui_content/ui_spin_silver_base.png using Guid(cf6b879209a4b7045b577cfbd4d2307e) Importer(815301076,1909f56bfc062723c751e8b465ee728b)  -> (artifact id: 'ddc5e7300cf2ab84522b76b5527ebe8c') in 0.026446 seconds 
========================================================================
Received Import Request.
  Time since last request: 0.000048 seconds.
  path: Assets/Game/UI Files/ui_content/ui_spin_generic_button.png
  artifactKey: Guid(537ee499ab2c2c94e8f19e32db50fab4) Importer(815301076,1909f56bfc062723c751e8b465ee728b)
Start importing Assets/Game/UI Files/ui_content/ui_spin_generic_button.png using Guid(537ee499ab2c2c94e8f19e32db50fab4) Importer(815301076,1909f56bfc062723c751e8b465ee728b)  -> (artifact id: '77cefaa9d7859351ede7f6ae7b634d7a') in 0.024719 seconds 
========================================================================
Received Import Request.
  Time since last request: 0.000043 seconds.
  path: Assets/Game/UI Files/ui_content/ui_spin_bronze_indicator.png
  artifactKey: Guid(389ce820933f1744fbfa4b5c1e2e1365) Importer(815301076,1909f56bfc062723c751e8b465ee728b)
Start importing Assets/Game/UI Files/ui_content/ui_spin_bronze_indicator.png using Guid(389ce820933f1744fbfa4b5c1e2e1365) Importer(815301076,1909f56bfc062723c751e8b465ee728b)  -> (artifact id: 'c738ffdd20f5d4b9559c95d543225b79') in 0.020647 seconds 
========================================================================
Received Import Request.
  Time since last request: 0.000040 seconds.
  path: Assets/Game/UI Files/ui_content/ui_spin_golden_indicator.png
  artifactKey: Guid(fee93d463d4fd1842b6bfe18a044c67f) Importer(815301076,1909f56bfc062723c751e8b465ee728b)
Start importing Assets/Game/UI Files/ui_content/ui_spin_golden_indicator.png using Guid(fee93d463d4fd1842b6bfe18a044c67f) Importer(815301076,1909f56bfc062723c751e8b465ee728b)  -> (artifact id: 'bbea58a3145eb6bd65f02a39b7e3bb70') in 0.018680 seconds 
========================================================================
Received Import Request.
  Time since last request: 0.000027 seconds.
  path: Assets/Game/UI Files/ui_content/ui_spin_silver_indicator.png
  artifactKey: Guid(9f2e19126a6e1564fac9c6d413027cba) Importer(815301076,1909f56bfc062723c751e8b465ee728b)
Start importing Assets/Game/UI Files/ui_content/ui_spin_silver_indicator.png using Guid(9f2e19126a6e1564fac9c6d413027cba) Importer(815301076,1909f56bfc062723c751e8b465ee728b)  -> (artifact id: 'ac69f9536381cca2bd3559c85578527f') in 0.021964 seconds 
========================================================================
Received Import Request.
  Time since last request: 0.000037 seconds.
  path: Assets/Game/UI Files/ui_content/UI_Icon_Renders_tier2_rifle.png
  artifactKey: Guid(2d1d3a4ddbf01e8488a5a4ee76750d9a) Importer(815301076,1909f56bfc062723c751e8b465ee728b)
Start importing Assets/Game/UI Files/ui_content/UI_Icon_Renders_tier2_rifle.png using Guid(2d1d3a4ddbf01e8488a5a4ee76750d9a) Importer(815301076,1909f56bfc062723c751e8b465ee728b)  -> (artifact id: 'c862f7a599c0aa3cdfc1d3b15895845f') in 0.020766 seconds 
========================================================================
Received Import Request.
  Time since last request: 0.000034 seconds.
  path: Assets/Game/UI Files/ui_content/ui_vfx_offer_shine.tga
  artifactKey: Guid(41bbbb4ce137de545bec27d3d8bec259) Importer(815301076,1909f56bfc062723c751e8b465ee728b)
Start importing Assets/Game/UI Files/ui_content/ui_vfx_offer_shine.tga using Guid(41bbbb4ce137de545bec27d3d8bec259) Importer(815301076,1909f56bfc062723c751e8b465ee728b)  -> (artifact id: 'bbe94e61c88bdbc0d2a5d02cd17e0351') in 0.025358 seconds 
========================================================================
Received Import Request.
  Time since last request: 0.000047 seconds.
  path: Assets/Game/UI Files/ui_content/UI_Icon_Renders_tier1_shotgun.png
  artifactKey: Guid(3ffb00e9044f1ba49bcb331e90526e56) Importer(815301076,1909f56bfc062723c751e8b465ee728b)
Start importing Assets/Game/UI Files/ui_content/UI_Icon_Renders_tier1_shotgun.png using Guid(3ffb00e9044f1ba49bcb331e90526e56) Importer(815301076,1909f56bfc062723c751e8b465ee728b)  -> (artifact id: 'b51681910bb4929bba01a208a5313379') in 0.024146 seconds 
========================================================================
Received Import Request.
  Time since last request: 0.000034 seconds.
  path: Assets/Game/UI Files/ui_content/UI_Icons_Vest_Points.png
  artifactKey: Guid(010682219a91dc64da95cfe19a0a1c18) Importer(815301076,1909f56bfc062723c751e8b465ee728b)
Start importing Assets/Game/UI Files/ui_content/UI_Icons_Vest_Points.png using Guid(010682219a91dc64da95cfe19a0a1c18) Importer(815301076,1909f56bfc062723c751e8b465ee728b)  -> (artifact id: 'b2569fe2108d355d7e3f3f84e3003d89') in 0.018735 seconds 
========================================================================
Received Import Request.
  Time since last request: 0.000035 seconds.
  path: Assets/Game/UI Files/ui_content/ui_icon_render_t_cons_molotov.png
  artifactKey: Guid(7a0ff2a9d08ef7846be18f76a0db29bf) Importer(815301076,1909f56bfc062723c751e8b465ee728b)
Start importing Assets/Game/UI Files/ui_content/ui_icon_render_t_cons_molotov.png using Guid(7a0ff2a9d08ef7846be18f76a0db29bf) Importer(815301076,1909f56bfc062723c751e8b465ee728b)  -> (artifact id: 'd2b3b5ac389afc7c26ea549ea801255a') in 0.024122 seconds 
========================================================================
Received Import Request.
  Time since last request: 0.000039 seconds.
  path: Assets/Game/UI Files/ui_content/ui_icon_baseball_cap_easter.png
  artifactKey: Guid(93fbd81ab3fe6b34c9c14541ad9b13fb) Importer(815301076,1909f56bfc062723c751e8b465ee728b)
Start importing Assets/Game/UI Files/ui_content/ui_icon_baseball_cap_easter.png using Guid(93fbd81ab3fe6b34c9c14541ad9b13fb) Importer(815301076,1909f56bfc062723c751e8b465ee728b)  -> (artifact id: 'd64751a4506b08c1a906e8849094dcac') in 0.020543 seconds 
========================================================================
Received Import Request.
  Time since last request: 0.000039 seconds.
  path: Assets/Game/UI Files/ui_content/ui_card_panel_zone_current.png
  artifactKey: Guid(fe2005baa71dfab49bd1f9be6b7091b8) Importer(815301076,1909f56bfc062723c751e8b465ee728b)
Start importing Assets/Game/UI Files/ui_content/ui_card_panel_zone_current.png using Guid(fe2005baa71dfab49bd1f9be6b7091b8) Importer(815301076,1909f56bfc062723c751e8b465ee728b)  -> (artifact id: '08a78e81caa9a0dbcb3650f9a34901d2') in 0.019331 seconds 
========================================================================
Received Import Request.
  Time since last request: 0.000034 seconds.
  path: Assets/Game/UI Files/ui_content/UI_icon_chest_Bronze_nolight.png
  artifactKey: Guid(ceadf0e52780d5d4bb0d39e89125fd60) Importer(815301076,1909f56bfc062723c751e8b465ee728b)
Start importing Assets/Game/UI Files/ui_content/UI_icon_chest_Bronze_nolight.png using Guid(ceadf0e52780d5d4bb0d39e89125fd60) Importer(815301076,1909f56bfc062723c751e8b465ee728b)  -> (artifact id: '871b31c21c1259cd9e8ad93a5755a9e2') in 0.018006 seconds 
========================================================================
Received Import Request.
  Time since last request: 0.000038 seconds.
  path: Assets/Game/UI Files/ui_content/UI_icon_gold.png
  artifactKey: Guid(42ef878cba15b9c4b80d0fe71ba76dbd) Importer(815301076,1909f56bfc062723c751e8b465ee728b)
Start importing Assets/Game/UI Files/ui_content/UI_icon_gold.png using Guid(42ef878cba15b9c4b80d0fe71ba76dbd) Importer(815301076,1909f56bfc062723c751e8b465ee728b)  -> (artifact id: 'fc6280a9fef38d8342eefe686e4bab83') in 0.018303 seconds 
========================================================================
Received Import Request.
  Time since last request: 0.000036 seconds.
  path: Assets/Game/UI Files/ui_content/UI_Icon_Renders_tier3_sniper.png
  artifactKey: Guid(5f70a940155220e46ae46363097bc6ab) Importer(815301076,1909f56bfc062723c751e8b465ee728b)
Start importing Assets/Game/UI Files/ui_content/UI_Icon_Renders_tier3_sniper.png using Guid(5f70a940155220e46ae46363097bc6ab) Importer(815301076,1909f56bfc062723c751e8b465ee728b)  -> (artifact id: '5816afa81c74296be50680868b83bfd0') in 0.019827 seconds 
